16-06-2020 01:11:37.239 INFO  [main] com.xml.AdvertisementServiceApp - No active profile set, falling back to default profiles: default
16-06-2020 01:11:38.415 INFO  [main] o.s.d.r.c.RepositoryConfigurationDelegate - Bootstrapping Spring Data JPA repositories in DEFAULT mode.
16-06-2020 01:11:38.582 INFO  [main] o.s.d.r.c.RepositoryConfigurationDelegate - Finished Spring Data repository scanning in 150ms. Found 3 JPA repository interfaces.
16-06-2020 01:11:39.059 INFO  [main] o.s.cloud.context.scope.GenericScope - BeanFactory id=059f4894-4824-3993-9768-369bb708ca33
16-06-2020 01:11:39.240 INFO  [main] o.s.c.s.PostProcessorRegistrationDelegate$BeanPostProcessorChecker - Bean 'com.xml.feignClients.CodebookFeignClient' of type [org.springframework.cloud.openfeign.FeignClientFactoryBean] is not eligible for getting processed by all BeanPostProcessors (for example: not eligible for auto-proxying)
16-06-2020 01:11:39.248 INFO  [main] o.s.c.s.PostProcessorRegistrationDelegate$BeanPostProcessorChecker - Bean 'com.xml.feignClients.RentRequestFeignClient' of type [org.springframework.cloud.openfeign.FeignClientFactoryBean] is not eligible for getting processed by all BeanPostProcessors (for example: not eligible for auto-proxying)
16-06-2020 01:11:39.250 INFO  [main] o.s.c.s.PostProcessorRegistrationDelegate$BeanPostProcessorChecker - Bean 'com.xml.feignClients.UserFeignClient' of type [org.springframework.cloud.openfeign.FeignClientFactoryBean] is not eligible for getting processed by all BeanPostProcessors (for example: not eligible for auto-proxying)
16-06-2020 01:11:39.372 INFO  [main] o.s.c.s.PostProcessorRegistrationDelegate$BeanPostProcessorChecker - Bean 'org.springframework.security.config.annotation.configuration.ObjectPostProcessorConfiguration' of type [org.springframework.security.config.annotation.configuration.ObjectPostProcessorConfiguration] is not eligible for getting processed by all BeanPostProcessors (for example: not eligible for auto-proxying)
16-06-2020 01:11:39.377 INFO  [main] o.s.c.s.PostProcessorRegistrationDelegate$BeanPostProcessorChecker - Bean 'objectPostProcessor' of type [org.springframework.security.config.annotation.configuration.AutowireBeanFactoryObjectPostProcessor] is not eligible for getting processed by all BeanPostProcessors (for example: not eligible for auto-proxying)
16-06-2020 01:11:39.380 INFO  [main] o.s.c.s.PostProcessorRegistrationDelegate$BeanPostProcessorChecker - Bean 'org.springframework.security.access.expression.method.DefaultMethodSecurityExpressionHandler@27a7ef08' of type [org.springframework.security.access.expression.method.DefaultMethodSecurityExpressionHandler] is not eligible for getting processed by all BeanPostProcessors (for example: not eligible for auto-proxying)
16-06-2020 01:11:39.385 INFO  [main] o.s.c.s.PostProcessorRegistrationDelegate$BeanPostProcessorChecker - Bean 'org.springframework.security.config.annotation.method.configuration.GlobalMethodSecurityConfiguration' of type [org.springframework.security.config.annotation.method.configuration.GlobalMethodSecurityConfiguration] is not eligible for getting processed by all BeanPostProcessors (for example: not eligible for auto-proxying)
16-06-2020 01:11:39.389 INFO  [main] o.s.c.s.PostProcessorRegistrationDelegate$BeanPostProcessorChecker - Bean 'methodSecurityMetadataSource' of type [org.springframework.security.access.method.DelegatingMethodSecurityMetadataSource] is not eligible for getting processed by all BeanPostProcessors (for example: not eligible for auto-proxying)
16-06-2020 01:11:39.812 INFO  [main] o.s.b.w.e.tomcat.TomcatWebServer - Tomcat initialized with port(s): 8085 (http)
16-06-2020 01:11:39.825 INFO  [main] o.a.coyote.http11.Http11NioProtocol - Initializing ProtocolHandler ["http-nio-8085"]
16-06-2020 01:11:39.826 INFO  [main] o.a.catalina.core.StandardService - Starting service [Tomcat]
16-06-2020 01:11:39.826 INFO  [main] o.a.catalina.core.StandardEngine - Starting Servlet engine: [Apache Tomcat/9.0.33]
16-06-2020 01:11:40.141 INFO  [main] o.a.c.c.C.[Tomcat].[localhost].[/] - Initializing Spring embedded WebApplicationContext
16-06-2020 01:11:40.142 INFO  [main] o.s.web.context.ContextLoader - Root WebApplicationContext: initialization completed in 2876 ms
16-06-2020 01:11:40.644 INFO  [main] o.h.jpa.internal.util.LogHelper - HHH000204: Processing PersistenceUnitInfo [name: default]
16-06-2020 01:11:40.997 INFO  [main] org.hibernate.Version - HHH000412: Hibernate ORM core version 5.4.12.Final
16-06-2020 01:11:41.454 INFO  [main] o.h.annotations.common.Version - HCANN000001: Hibernate Commons Annotations {5.1.0.Final}
16-06-2020 01:11:41.860 INFO  [main] com.zaxxer.hikari.HikariDataSource - HikariPool-1 - Starting...
16-06-2020 01:11:42.136 INFO  [main] com.zaxxer.hikari.HikariDataSource - HikariPool-1 - Start completed.
16-06-2020 01:11:42.159 INFO  [main] org.hibernate.dialect.Dialect - HHH000400: Using dialect: org.hibernate.dialect.MySQL8Dialect
16-06-2020 01:11:44.154 INFO  [main] o.h.e.t.j.p.i.JtaPlatformInitiator - HHH000490: Using JtaPlatform implementation: [org.hibernate.engine.transaction.jta.platform.internal.NoJtaPlatform]
16-06-2020 01:11:44.169 INFO  [main] o.s.o.j.LocalContainerEntityManagerFactoryBean - Initialized JPA EntityManagerFactory for persistence unit 'default'
16-06-2020 01:11:46.102 INFO  [main] c.n.c.sources.URLConfigurationSource - To enable URLs as dynamic configuration sources, define System property archaius.configurationSource.additionalUrls or make config.properties available on classpath.
16-06-2020 01:11:46.109 INFO  [main] c.n.c.sources.URLConfigurationSource - To enable URLs as dynamic configuration sources, define System property archaius.configurationSource.additionalUrls or make config.properties available on classpath.
16-06-2020 01:11:46.590 INFO  [main] o.s.s.web.DefaultSecurityFilterChain - Creating filter chain: any request, [org.springframework.security.web.context.request.async.WebAsyncManagerIntegrationFilter@67f8f5a6, org.springframework.security.web.context.SecurityContextPersistenceFilter@f793f15, org.springframework.security.web.header.HeaderWriterFilter@4cef0747, org.springframework.web.filter.CorsFilter@141b011a, org.springframework.security.web.authentication.logout.LogoutFilter@53e4a19e, com.xml.config.AuthoritiesFilter@7976e536, com.xml.config.AuthoritiesFilter@670a4738, org.springframework.security.web.savedrequest.RequestCacheAwareFilter@5534e6f1, org.springframework.security.web.servletapi.SecurityContextHolderAwareRequestFilter@66e12c3b, org.springframework.security.web.authentication.AnonymousAuthenticationFilter@47ffdbba, org.springframework.security.web.session.SessionManagementFilter@97beeaf, org.springframework.security.web.access.ExceptionTranslationFilter@2ac05a33, org.springframework.security.web.access.intercept.FilterSecurityInterceptor@39e7e040]
16-06-2020 01:11:49.704 INFO  [main] o.s.c.n.eureka.InstanceInfoFactory - Setting initial instance status as: STARTING
16-06-2020 01:11:49.762 INFO  [main] c.netflix.discovery.DiscoveryClient - Initializing Eureka in region us-east-1
16-06-2020 01:11:50.708 INFO  [main] c.n.d.p.DiscoveryJerseyProvider - Using JSON encoding codec LegacyJacksonJson
16-06-2020 01:11:50.708 INFO  [main] c.n.d.p.DiscoveryJerseyProvider - Using JSON decoding codec LegacyJacksonJson
16-06-2020 01:11:50.918 INFO  [main] c.n.d.p.DiscoveryJerseyProvider - Using XML encoding codec XStreamXml
16-06-2020 01:11:50.919 INFO  [main] c.n.d.p.DiscoveryJerseyProvider - Using XML decoding codec XStreamXml
16-06-2020 01:11:51.221 INFO  [main] c.n.d.s.r.aws.ConfigClusterResolver - Resolving eureka endpoints via configuration
16-06-2020 01:11:51.901 INFO  [main] c.netflix.discovery.DiscoveryClient - Disable delta property : false
16-06-2020 01:11:51.901 INFO  [main] c.netflix.discovery.DiscoveryClient - Single vip registry refresh property : null
16-06-2020 01:11:51.901 INFO  [main] c.netflix.discovery.DiscoveryClient - Force full registry fetch : false
16-06-2020 01:11:51.901 INFO  [main] c.netflix.discovery.DiscoveryClient - Application is null : false
16-06-2020 01:11:51.901 INFO  [main] c.netflix.discovery.DiscoveryClient - Registered Applications size is zero : true
16-06-2020 01:11:51.902 INFO  [main] c.netflix.discovery.DiscoveryClient - Application version is -1: true
16-06-2020 01:11:51.902 INFO  [main] c.netflix.discovery.DiscoveryClient - Getting all instance registry info from the eureka server
16-06-2020 01:11:52.198 INFO  [main] c.netflix.discovery.DiscoveryClient - The response status is 200
16-06-2020 01:11:52.202 INFO  [main] c.netflix.discovery.DiscoveryClient - Starting heartbeat executor: renew interval is: 30
16-06-2020 01:11:52.205 INFO  [main] c.n.discovery.InstanceInfoReplicator - InstanceInfoReplicator onDemand update allowed rate per min is 4
16-06-2020 01:11:52.212 INFO  [main] c.netflix.discovery.DiscoveryClient - Discovery Client initialized at timestamp 1592262712209 with initial instances count: 2
16-06-2020 01:11:52.218 INFO  [main] o.s.c.n.e.s.EurekaServiceRegistry - Registering application ADVERTISEMENT-SERVICE with eureka with status UP
16-06-2020 01:11:52.219 INFO  [main] c.netflix.discovery.DiscoveryClient - Saw local status change event StatusChangeEvent [timestamp=1592262712219, current=UP, previous=STARTING]
16-06-2020 01:11:52.223 INFO  [DiscoveryClient-InstanceInfoReplicator-0] c.netflix.discovery.DiscoveryClient - DiscoveryClient_ADVERTISEMENT-SERVICE/host.docker.internal:advertisement-service:8085: registering service...
16-06-2020 01:11:52.252 INFO  [main] o.a.coyote.http11.Http11NioProtocol - Starting ProtocolHandler ["http-nio-8085"]
16-06-2020 01:11:52.294 INFO  [main] o.s.b.w.e.tomcat.TomcatWebServer - Tomcat started on port(s): 8085 (http) with context path ''
16-06-2020 01:11:52.295 INFO  [main] o.s.c.n.e.s.EurekaAutoServiceRegistration - Updating port to 8085
16-06-2020 01:11:52.320 INFO  [DiscoveryClient-InstanceInfoReplicator-0] c.netflix.discovery.DiscoveryClient - DiscoveryClient_ADVERTISEMENT-SERVICE/host.docker.internal:advertisement-service:8085 - registration status: 204
16-06-2020 01:11:53.198 INFO  [main] com.xml.AdvertisementServiceApp - Started AdvertisementServiceApp in 21.411 seconds (JVM running for 25.129)
16-06-2020 01:14:46.731 INFO  [http-nio-8085-exec-1] o.a.c.c.C.[Tomcat].[localhost].[/] - Initializing Spring DispatcherServlet 'dispatcherServlet'
16-06-2020 01:14:46.731 INFO  [http-nio-8085-exec-1] o.s.web.servlet.DispatcherServlet - Initializing Servlet 'dispatcherServlet'
16-06-2020 01:14:46.761 INFO  [http-nio-8085-exec-1] o.s.web.servlet.DispatcherServlet - Completed initialization in 30 ms
16-06-2020 01:14:46.889 INFO  [http-nio-8085-exec-1] c.x.c.AdvertisementController - Zelim da dobavim sve oglase i slike
16-06-2020 01:14:48.095 INFO  [http-nio-8085-exec-1] c.n.config.ChainedDynamicProperty - Flipping property: authentication-service.ribbon.ActiveConnectionsLimit to use NEXT property: niws.loadbalancer.availabilityFilteringRule.activeConnectionsLimit = 2147483647
16-06-2020 01:14:48.201 INFO  [http-nio-8085-exec-1] c.n.u.c.ShutdownEnabledTimer - Shutdown hook installed for: NFLoadBalancer-PingTimer-authentication-service
16-06-2020 01:14:48.203 INFO  [http-nio-8085-exec-1] c.n.loadbalancer.BaseLoadBalancer - Client: authentication-service instantiated a LoadBalancer: DynamicServerListLoadBalancer:{NFLoadBalancer:name=authentication-service,current list of Servers=[],Load balancer stats=Zone stats: {},Server stats: []}ServerList:null
16-06-2020 01:14:48.220 INFO  [http-nio-8085-exec-1] c.n.l.DynamicServerListLoadBalancer - Using serverListUpdater PollingServerListUpdater
16-06-2020 01:14:48.299 INFO  [http-nio-8085-exec-1] c.n.config.ChainedDynamicProperty - Flipping property: authentication-service.ribbon.ActiveConnectionsLimit to use NEXT property: niws.loadbalancer.availabilityFilteringRule.activeConnectionsLimit = 2147483647
16-06-2020 01:14:48.303 INFO  [http-nio-8085-exec-1] c.n.l.DynamicServerListLoadBalancer - DynamicServerListLoadBalancer for client authentication-service initialized: DynamicServerListLoadBalancer:{NFLoadBalancer:name=authentication-service,current list of Servers=[172.16.96.136:8083],Load balancer stats=Zone stats: {defaultzone=[Zone:defaultzone;	Instance count:1;	Active connections count: 0;	Circuit breaker tripped count: 0;	Active connections per server: 0.0;]
},Server stats: [[Server:172.16.96.136:8083;	Zone:defaultZone;	Total Requests:0;	Successive connection failure:0;	Total blackout seconds:0;	Last connection made:Thu Jan 01 01:00:00 CET 1970;	First connection made: Thu Jan 01 01:00:00 CET 1970;	Active Connections:0;	total failure count in last (1000) msecs:0;	average resp time:0.0;	90 percentile resp time:0.0;	95 percentile resp time:0.0;	min resp time:0.0;	max resp time:0.0;	stddev resp time:0.0]
]}ServerList:org.springframework.cloud.netflix.ribbon.eureka.DomainExtractingServerList@2aa58f05
16-06-2020 01:14:48.738 INFO  [http-nio-8085-exec-1] c.n.config.ChainedDynamicProperty - Flipping property: codebook-service.ribbon.ActiveConnectionsLimit to use NEXT property: niws.loadbalancer.availabilityFilteringRule.activeConnectionsLimit = 2147483647
16-06-2020 01:14:48.745 INFO  [http-nio-8085-exec-1] c.n.u.c.ShutdownEnabledTimer - Shutdown hook installed for: NFLoadBalancer-PingTimer-codebook-service
16-06-2020 01:14:48.745 INFO  [http-nio-8085-exec-1] c.n.loadbalancer.BaseLoadBalancer - Client: codebook-service instantiated a LoadBalancer: DynamicServerListLoadBalancer:{NFLoadBalancer:name=codebook-service,current list of Servers=[],Load balancer stats=Zone stats: {},Server stats: []}ServerList:null
16-06-2020 01:14:48.748 INFO  [http-nio-8085-exec-1] c.n.l.DynamicServerListLoadBalancer - Using serverListUpdater PollingServerListUpdater
16-06-2020 01:14:48.752 INFO  [http-nio-8085-exec-1] c.n.config.ChainedDynamicProperty - Flipping property: codebook-service.ribbon.ActiveConnectionsLimit to use NEXT property: niws.loadbalancer.availabilityFilteringRule.activeConnectionsLimit = 2147483647
16-06-2020 01:14:48.755 INFO  [http-nio-8085-exec-1] c.n.l.DynamicServerListLoadBalancer - DynamicServerListLoadBalancer for client codebook-service initialized: DynamicServerListLoadBalancer:{NFLoadBalancer:name=codebook-service,current list of Servers=[172.16.96.136:8084],Load balancer stats=Zone stats: {defaultzone=[Zone:defaultzone;	Instance count:1;	Active connections count: 0;	Circuit breaker tripped count: 0;	Active connections per server: 0.0;]
},Server stats: [[Server:172.16.96.136:8084;	Zone:defaultZone;	Total Requests:0;	Successive connection failure:0;	Total blackout seconds:0;	Last connection made:Thu Jan 01 01:00:00 CET 1970;	First connection made: Thu Jan 01 01:00:00 CET 1970;	Active Connections:0;	total failure count in last (1000) msecs:0;	average resp time:0.0;	90 percentile resp time:0.0;	95 percentile resp time:0.0;	min resp time:0.0;	max resp time:0.0;	stddev resp time:0.0]
]}ServerList:org.springframework.cloud.netflix.ribbon.eureka.DomainExtractingServerList@37c0571b
16-06-2020 01:14:49.235 INFO  [PollingServerListUpdater-0] c.n.config.ChainedDynamicProperty - Flipping property: authentication-service.ribbon.ActiveConnectionsLimit to use NEXT property: niws.loadbalancer.availabilityFilteringRule.activeConnectionsLimit = 2147483647
16-06-2020 01:14:49.753 INFO  [PollingServerListUpdater-1] c.n.config.ChainedDynamicProperty - Flipping property: codebook-service.ribbon.ActiveConnectionsLimit to use NEXT property: niws.loadbalancer.availabilityFilteringRule.activeConnectionsLimit = 2147483647
16-06-2020 01:16:51.907 INFO  [AsyncResolver-bootstrap-executor-0] c.n.d.s.r.aws.ConfigClusterResolver - Resolving eureka endpoints via configuration
16-06-2020 01:21:51.910 INFO  [AsyncResolver-bootstrap-executor-0] c.n.d.s.r.aws.ConfigClusterResolver - Resolving eureka endpoints via configuration
